namd : 958864
gcc : 998768
xz : 416506
cactu : 508691
cactu : 508686
mcf : 785227
xalancbmk : 937109
leela : 854924
xz : 416539
blender : 44324
perlbench : 395023
gcc : 1181147
blender : 44325
fotonik : 866390
cactu : 606675
fotonik : 744395
nab : 742781
xalancbmk : 936944
imagick : 490512
cactu : 601698
nab : 742796
lbm : 768647
blender : 44320
leela : 854954
perlbench : 395126
povray : 893232
fotonik : 744260
leela : 855130
namd : 958865
namd : 958711
imagick : 588017
namd : 958659
xalancbmk : 936972
x264 : 462438
imagick : 490562
imagick : 490521
fotonik : 744302
lbm : 647143
nab : 742849
perlbench : 395120
xz : 416479
nab : 742887
cactu : 601568
fotonik : 744218
gcc : 998590
povray : 765527
leela : 854909
perlbench : 395109
cactu : 508825
fotonik : 744240
perlbench : 395078
blender : 44313
gcc : 998578
xalancbmk : 936871
povray : 917304
povray : 765552
lbm : 647143
povray : 765505
leela : 854865
lbm : 774621
namd : 958978
leela : 854968
nab : 742839
lbm : 647290
lbm : 647142
povray : 765502
omnetpp : 928421
gcc : 1183152
namd : 958911
xalancbmk : 1077822
gcc : 998538
povray : 765296
povray : 765332
xalancbmk : 1103964
cactu : 508835
imagick : 490494
x264 : 462488
lbm : 647072
perlbench : 395124
povray : 765469
x264 : 552810
xalancbmk : 936918
blender : 44326
xalancbmk : 937109
x264 : 462356
perlbench : 395086
fotonik : 871568
xalancbmk : 936946
x264 : 462456
mcf : 785395
xz : 416414
mcf : 785409
xz : 416474
fotonik : 744234
perlbench : 395008
imagick : 490527
nab : 742948
xz : 416394
povray : 765345
fotonik : 744291
xz : 416475
xalancbmk : 936955
lbm : 772113
fotonik : 744362
xalancbmk : 936874
xalancbmk : 936825
imagick : 490586
perlbench : 395128
x264 : 462509
blender : 51700
lbm : 647059
cactu : 508751
gcc : 998587
mcf : 785253
povray : 765391
xalancbmk : 1118964
nab : 742896
cactu : 508748
blender : 44321
mcf : 785365
cactu : 508782
cactu : 592441
x264 : 462383
fotonik : 744285
nab : 742996
leela : 855107
lbm : 647207
lbm : 647089
omnetpp : 786738
fotonik : 744344
xz : 416490
perlbench : 395038
perlbench : 471596
fotonik : 867813
namd : 958727
imagick : 490475
xalancbmk : 937075
nab : 742836
x264 : 462364
cactu : 508741
mcf : 785336
cactu : 508708
x264 : 462431
fotonik : 744163
gcc : 998587
x264 : 553894
mcf : 785386
x264 : 462536
blender : 44322
omnetpp : 786740
leela : 855109
lbm : 647117
cactu : 508803
mcf : 785309
cactu : 508781
povray : 765547
mcf : 785272
lbm : 751411
perlbench : 395095
namd : 1133567
perlbench : 469453
x264 : 462445
namd : 958791
imagick : 490610
omnetpp : 925713
fotonik : 744368
imagick : 490639
x264 : 462382
leela : 854947
leela : 854946
namd : 1108581
x264 : 462412
leela : 855068
nab : 742835
nab : 742840
leela : 1013830
mcf : 934355
imagick : 490482
lbm : 647071
blender : 44318
namd : 1128010
nab : 742928
blender : 44324
povray : 765339
omnetpp : 786949
gcc : 998599
fotonik : 744108
imagick : 490560
perlbench : 394998
x264 : 462501
lbm : 775436
x264 : 462424
omnetpp : 943122
omnetpp : 786794
nab : 742959
x264 : 462421
omnetpp : 786833
fotonik : 865832
namd : 958663
perlbench : 394990
cactu : 508693
povray : 765376
x264 : 462504
gcc : 998748
leela : 854944
nab : 742888
perlbench : 466425
x264 : 462458
mcf : 940178
mcf : 785252
perlbench : 395042
xz : 416499
nab : 742761
gcc : 998465
namd : 958649
perlbench : 473414
xalancbmk : 936933
lbm : 647063
omnetpp : 786886
namd : 958958
mcf : 785433
x264 : 462445
x264 : 462448
fotonik : 858037
fotonik : 744114
nab : 862803
imagick : 490578
xz : 416447
namd : 1114575
x264 : 462515
gcc : 998445
xalancbmk : 1098144
omnetpp : 786717
omnetpp : 786923
omnetpp : 940355
povray : 891695
imagick : 576458
lbm : 647049
x264 : 547083
leela : 855084
mcf : 785304
fotonik : 744313
fotonik : 744366
omnetpp : 786948
omnetpp : 787014
xz : 416431
mcf : 785432
x264 : 462534
gcc : 998651
cactu : 508671
omnetpp : 786928
x264 : 462419
omnetpp : 926808
nab : 877093
mcf : 785346
cactu : 508717
mcf : 785432
cactu : 508841
gcc : 998384
namd : 958732
fotonik : 744193
omnetpp : 786791
gcc : 998504
fotonik : 887695
cactu : 508835
gcc : 998586
namd : 958608
lbm : 647050
omnetpp : 786902
leela : 855033
imagick : 490533
xalancbmk : 936987
blender : 51693
lbm : 772411
namd : 958674
imagick : 490555
imagick : 490631
gcc : 998766
imagick : 572740
xalancbmk : 936997
x264 : 462371
gcc : 1188166
imagick : 490533
xalancbmk : 937022
nab : 742783
lbm : 756233
povray : 765344
perlbench : 395046
xz : 416417
povray : 765570
gcc : 1157644
omnetpp : 786705
xalancbmk : 936873
nab : 877567
blender : 44317
mcf : 785207
fotonik : 744312
povray : 887325
imagick : 490576
perlbench : 395100
povray : 765297
blender : 52503
mcf : 785486
povray : 765294
cactu : 508706
nab : 742933
nab : 888483
gcc : 998760
x264 : 462492
lbm : 647074
blender : 44317
xz : 416444
imagick : 490504
lbm : 747751
mcf : 785439
xz : 416481
namd : 1114380
mcf : 785390
blender : 44317
xalancbmk : 936973
perlbench : 395091
blender : 44312
lbm : 647107
gcc : 998394
omnetpp : 929788
leela : 854993
xz : 416422
fotonik : 744375
namd : 1141253
xalancbmk : 936997
perlbench : 395044
xz : 416486
fotonik : 744364
cactu : 508660
gcc : 998702
gcc : 998659
fotonik : 878155
blender : 44328
x264 : 554334
lbm : 647157
perlbench : 395090
xz : 416476
gcc : 998517
lbm : 647287
gcc : 998579
x264 : 545874
mcf : 785477
gcc : 998459
x264 : 462464
xz : 416470
fotonik : 744307
xz : 416387
leela : 1012006
x264 : 462528
x264 : 462363
fotonik : 869644
nab : 742744
imagick : 490548
leela : 854960
x264 : 462532
perlbench : 395008
leela : 855129
leela : 855135
omnetpp : 930800
blender : 44317
leela : 854830
blender : 44325
povray : 903229
gcc : 998662
namd : 958627
leela : 854936
perlbench : 395123
namd : 1109601
omnetpp : 787001
cactu : 508845
blender : 44314
leela : 854917
gcc : 1181561
lbm : 647091
fotonik : 866393
xz : 416404
leela : 854985
lbm : 772420
blender : 44327
leela : 990189
xz : 416446
xz : 416432
lbm : 647215
lbm : 647304
lbm : 771236
nab : 742759
x264 : 462486
cactu : 508644
fotonik : 744322
gcc : 998640
blender : 44314
xz : 480268
nab : 860344
omnetpp : 930255
imagick : 490627
fotonik : 744182
imagick : 490592
namd : 958799
xz : 489767
xalancbmk : 1097868
xz : 416538
povray : 897516
povray : 884805
omnetpp : 786875
x264 : 462508
blender : 44315
omnetpp : 786983
imagick : 490489
mcf : 785188
blender : 44327
blender : 44325
xalancbmk : 937049
leela : 854983
leela : 855003
povray : 765277
lbm : 647258
nab : 742761
namd : 1150525
gcc : 998515
xz : 416386
leela : 854836
perlbench : 395107
lbm : 647085
x264 : 462378
leela : 989350
x264 : 462458
xz : 416487
x264 : 543596
lbm : 759678
nab : 742712
imagick : 490606
xalancbmk : 936837
perlbench : 395037
perlbench : 394995
x264 : 462490
xz : 416530
mcf : 785219
nab : 742889
namd : 958626
perlbench : 395117
mcf : 785224
namd : 1111577
xz : 416529
perlbench : 395018
namd : 958629
lbm : 647096
gcc : 998400
perlbench : 395000
namd : 958916
povray : 765316
povray : 904056
namd : 958728
leela : 985960
blender : 44313
mcf : 941509
nab : 742868
povray : 765458
gcc : 998622
lbm : 775532
cactu : 508755
povray : 907184
fotonik : 744353
povray : 765290
leela : 855051
x264 : 462474
povray : 765530
cactu : 508687
xz : 416521
nab : 880114
namd : 958880
perlbench : 395081
xalancbmk : 937131
imagick : 587502
x264 : 462412
cactu : 508654
blender : 44329
xalancbmk : 936990
x264 : 462394
xalancbmk : 936838
fotonik : 882375
povray : 765339
cactu : 508818
blender : 52532
namd : 1114920
fotonik : 744209
xalancbmk : 936859
lbm : 766536
namd : 958940
gcc : 998477
imagick : 568031
cactu : 508670
blender : 44327
lbm : 647281
povray : 765537
