povray : 766217
perlbench : 394233
fotonik : 741394
lbm : 646874
namd : 1119733
namd : 958745
fotonik : 741141
povray : 766301
perlbench : 463043
imagick : 578699
fotonik : 885648
leela : 851525
gcc : 998769
povray : 883194
nab : 743927
perlbench : 394232
xz : 416788
namd : 958888
omnetpp : 938299
gcc : 998894
perlbench : 394289
gcc : 998809
perlbench : 394204
leela : 851661
namd : 958887
namd : 958729
cactu : 609795
omnetpp : 927979
gcc : 998911
blender : 43361
omnetpp : 783244
perlbench : 394249
lbm : 767928
namd : 1130292
mcf : 785602
nab : 859560
xz : 496369
xalancbmk : 1101926
blender : 43375
cactu : 508557
gcc : 1195818
namd : 958681
cactu : 593578
xz : 416849
fotonik : 862406
x264 : 462405
omnetpp : 783150
nab : 743753
xalancbmk : 937147
cactu : 508540
imagick : 490310
lbm : 646861
gcc : 998739
perlbench : 394304
omnetpp : 783448
povray : 766354
xz : 499347
xalancbmk : 1083862
cactu : 595538
mcf : 785530
x264 : 462524
perlbench : 394257
x264 : 462522
gcc : 998797
blender : 50106
xz : 416851
imagick : 581687
omnetpp : 783444
x264 : 462519
leela : 851728
imagick : 490346
cactu : 508538
x264 : 546395
omnetpp : 783393
nab : 743831
gcc : 998656
lbm : 646902
lbm : 646976
omnetpp : 783415
nab : 743880
x264 : 462468
povray : 766372
xz : 416832
povray : 766301
leela : 851672
x264 : 554847
lbm : 646839
lbm : 646947
imagick : 490314
mcf : 785642
fotonik : 878557
cactu : 508613
imagick : 490424
namd : 1110302
cactu : 598573
xz : 416784
lbm : 764333
leela : 851683
mcf : 930513
mcf : 923184
imagick : 490338
perlbench : 456154
povray : 766298
lbm : 646952
x264 : 462397
namd : 958778
fotonik : 741293
imagick : 490290
gcc : 998606
lbm : 759066
perlbench : 455323
leela : 851436
omnetpp : 783416
gcc : 998737
xalancbmk : 937109
xalancbmk : 1080355
namd : 958561
blender : 43369
mcf : 929461
omnetpp : 933577
fotonik : 872360
omnetpp : 783338
x264 : 462418
gcc : 998858
povray : 766330
blender : 50495
lbm : 758056
xz : 416806
omnetpp : 783419
leela : 851461
cactu : 589481
mcf : 785423
xz : 491989
imagick : 569716
xz : 482750
omnetpp : 783384
x264 : 462565
cactu : 508446
nab : 857622
omnetpp : 783187
perlbench : 394177
mcf : 939738
perlbench : 460675
lbm : 763202
namd : 1129765
mcf : 933559
leela : 851522
xalancbmk : 937126
nab : 861571
lbm : 767611
leela : 851694
povray : 915931
gcc : 1191000
x264 : 462409
povray : 766126
blender : 43369
nab : 743754
blender : 43363
omnetpp : 783215
xalancbmk : 1081630
xalancbmk : 937137
gcc : 998947
cactu : 508520
gcc : 998827
leela : 851743
mcf : 785530
mcf : 785588
perlbench : 471661
x264 : 462491
xalancbmk : 937216
imagick : 490278
cactu : 508562
perlbench : 469727
blender : 43374
mcf : 785464
lbm : 647063
omnetpp : 901909
povray : 766230
blender : 43364
fotonik : 741139
x264 : 462485
mcf : 785666
namd : 958543
blender : 43363
mcf : 785408
namd : 958574
lbm : 646964
imagick : 585042
povray : 766165
xz : 416823
fotonik : 741328
leela : 851479
povray : 766346
nab : 743918
omnetpp : 783323
blender : 43371
imagick : 581766
leela : 1018062
cactu : 508577
fotonik : 741282
omnetpp : 783327
perlbench : 394196
povray : 899262
leela : 851593
cactu : 508460
nab : 857475
x264 : 462486
blender : 51647
x264 : 462518
blender : 43369
povray : 766278
mcf : 785426
leela : 1002821
omnetpp : 929382
nab : 868590
mcf : 908357
leela : 851616
namd : 958848
mcf : 935554
gcc : 998685
povray : 906777
fotonik : 865918
nab : 743696
xz : 416856
mcf : 785465
gcc : 998651
gcc : 998725
povray : 766298
leela : 851605
mcf : 931316
gcc : 1198070
fotonik : 885462
nab : 743752
omnetpp : 783227
nab : 743889
fotonik : 741226
imagick : 490375
fotonik : 871168
blender : 43375
namd : 1137935
xalancbmk : 937351
lbm : 646867
fotonik : 741309
namd : 958760
mcf : 785689
cactu : 508616
povray : 888861
nab : 743850
povray : 766089
mcf : 785469
lbm : 647016
imagick : 490345
x264 : 462446
blender : 43371
povray : 766348
perlbench : 394264
nab : 743885
omnetpp : 783297
lbm : 647089
xz : 481404
fotonik : 741197
gcc : 998612
nab : 743781
cactu : 508494
leela : 991632
lbm : 646913
blender : 50779
omnetpp : 783432
perlbench : 394276
perlbench : 394184
xalancbmk : 937392
namd : 958616
gcc : 998944
cactu : 508528
omnetpp : 923842
namd : 958758
perlbench : 461580
imagick : 490383
imagick : 490282
blender : 50596
imagick : 490297
cactu : 508535
namd : 958692
lbm : 646965
xz : 416902
leela : 1016908
blender : 43367
lbm : 647034
xalancbmk : 937059
cactu : 508493
mcf : 928645
povray : 766193
mcf : 785511
x264 : 462557
povray : 766368
povray : 766115
lbm : 646859
gcc : 998928
leela : 851508
xalancbmk : 1113186
perlbench : 462657
fotonik : 741347
perlbench : 394304
imagick : 490348
imagick : 578355
mcf : 785472
imagick : 565963
povray : 915169
cactu : 508547
leela : 851577
imagick : 490394
xalancbmk : 937090
fotonik : 741164
lbm : 646879
nab : 887185
mcf : 938418
nab : 743796
lbm : 647004
leela : 851453
x264 : 462572
x264 : 462479
namd : 1147875
imagick : 490336
gcc : 998622
nab : 743708
omnetpp : 783270
namd : 958787
x264 : 462401
perlbench : 454058
lbm : 758370
imagick : 574232
xz : 416915
xalancbmk : 937118
imagick : 564004
lbm : 646933
nab : 892490
xz : 490925
namd : 1140040
mcf : 785580
perlbench : 394294
leela : 983002
x264 : 462531
lbm : 755675
povray : 766083
povray : 766121
povray : 908543
x264 : 462550
imagick : 490421
cactu : 508645
imagick : 490354
namd : 958551
leela : 851660
x264 : 462496
mcf : 919059
gcc : 998816
blender : 43368
imagick : 583692
fotonik : 741403
perlbench : 472784
xalancbmk : 1081732
lbm : 646929
cactu : 508579
fotonik : 879729
namd : 958804
gcc : 1160829
x264 : 462533
povray : 766326
perlbench : 394329
x264 : 462538
perlbench : 453662
xz : 483567
gcc : 1175068
omnetpp : 783198
blender : 43362
xz : 416889
xalancbmk : 937282
nab : 743894
gcc : 1189571
mcf : 918218
fotonik : 741155
gcc : 998898
povray : 766237
perlbench : 394246
perlbench : 458205
xz : 416805
leela : 851448
leela : 851611
cactu : 602828
blender : 43363
omnetpp : 783223
gcc : 998860
namd : 1147748
xz : 416861
xz : 416882
perlbench : 464530
xz : 416866
imagick : 569061
cactu : 604355
xz : 416853
xz : 416815
lbm : 646895
imagick : 490337
x264 : 462536
xz : 416879
gcc : 1149564
imagick : 490416
omnetpp : 783188
lbm : 646937
xalancbmk : 937207
mcf : 926547
leela : 851674
fotonik : 883300
leela : 851495
nab : 743976
imagick : 490346
xalancbmk : 937190
omnetpp : 929614
leela : 851575
cactu : 590729
namd : 1145067
lbm : 761383
cactu : 508503
mcf : 785571
nab : 743735
fotonik : 741341
namd : 1124511
fotonik : 741171
nab : 743880
xalancbmk : 1096818
gcc : 998930
gcc : 998728
omnetpp : 911570
namd : 958627
perlbench : 394201
nab : 859049
xz : 484518
imagick : 582701
povray : 894429
cactu : 508475
fotonik : 741398
lbm : 647010
omnetpp : 783261
lbm : 646862
cactu : 594246
nab : 743904
xz : 416843
imagick : 490283
blender : 43363
xalancbmk : 937085
x264 : 462524
namd : 958616
gcc : 998971
povray : 766232
x264 : 462578
omnetpp : 783447
gcc : 998922
leela : 1004252
mcf : 785550
blender : 43372
gcc : 1177479
omnetpp : 783299
imagick : 490367
cactu : 508472
nab : 877519
cactu : 508447
fotonik : 741153
fotonik : 741357
perlbench : 394300
xalancbmk : 1084610
lbm : 646903
mcf : 785483
lbm : 647019
mcf : 785652
xalancbmk : 937249
namd : 958704
mcf : 785516
povray : 766330
cactu : 508474
blender : 50407
xalancbmk : 937349
gcc : 998950
blender : 43377
imagick : 490439
mcf : 785536
x264 : 462550
nab : 743817
omnetpp : 783388
mcf : 785637
leela : 851744
omnetpp : 911469
xz : 416897
imagick : 565821
gcc : 998590
omnetpp : 783367
cactu : 508552
gcc : 998645
lbm : 647083
nab : 884841
x264 : 462416
x264 : 462407
