povray : 782074
lbm : 645947
nab : 763258
fotonik : 764594
xalancbmk : 951744
omnetpp : 802297
omnetpp : 802156
leela : 1075367
povray : 782070
namd : 969636
gcc : 980367
lbm : 645815
perlbench : 378357
namd : 969727
omnetpp : 802277
perlbench : 378357
povray : 782133
x264 : 490541
imagick : 611097
xalancbmk : 951527
namd : 969750
xz : 434035
gcc : 980435
mcf : 777740
namd : 1161624
x264 : 490697
povray : 781901
fotonik : 764588
fotonik : 764656
perlbench : 378357
povray : 781965
xz : 507659
omnetpp : 802195
gcc : 980400
imagick : 614146
fotonik : 882095
perlbench : 378265
cactu : 484721
perlbench : 378292
cactu : 484785
xz : 434109
xalancbmk : 951624
perlbench : 378333
fotonik : 764552
nab : 763378
x264 : 490593
nab : 763403
nab : 763508
namd : 969658
x264 : 576802
x264 : 490714
cactu : 484822
imagick : 527449
xz : 434056
xz : 434154
imagick : 527288
mcf : 906629
perlbench : 378311
x264 : 490544
imagick : 527479
cactu : 581090
omnetpp : 802115
fotonik : 880701
cactu : 484719
mcf : 777789
lbm : 645974
lbm : 645980
xalancbmk : 951855
cactu : 575349
x264 : 490720
perlbench : 378282
nab : 763383
namd : 969570
leela : 916141
fotonik : 764599
blender : 22288
xz : 434016
xz : 434047
omnetpp : 802159
leela : 916243
lbm : 645924
nab : 763335
fotonik : 764498
x264 : 577074
fotonik : 764669
namd : 969507
imagick : 527352
namd : 969799
imagick : 527446
fotonik : 764529
lbm : 645859
leela : 916029
perlbench : 378333
blender : 22290
povray : 932326
x264 : 490548
namd : 969564
perlbench : 378382
xz : 509068
perlbench : 378372
x264 : 490608
nab : 763314
omnetpp : 802147
nab : 763530
leela : 915990
omnetpp : 802114
fotonik : 764734
povray : 781939
cactu : 484748
nab : 763320
leela : 915960
imagick : 527380
xz : 434040
xalancbmk : 951869
xalancbmk : 1106088
xalancbmk : 951566
cactu : 484750
lbm : 645908
cactu : 484724
leela : 916164
x264 : 576726
perlbench : 378336
fotonik : 913589
nab : 898220
cactu : 484768
leela : 915930
leela : 916244
cactu : 484774
omnetpp : 802187
cactu : 484835
omnetpp : 802281
xz : 434069
perlbench : 378278
xalancbmk : 1116755
fotonik : 764574
blender : 22294
omnetpp : 947756
povray : 781989
xalancbmk : 1105433
xalancbmk : 951630
perlbench : 378274
xalancbmk : 1125597
imagick : 630862
mcf : 929995
lbm : 645854
xz : 434149
gcc : 980421
omnetpp : 802277
fotonik : 764762
xalancbmk : 1097780
xalancbmk : 951741
omnetpp : 802357
xz : 434138
imagick : 527411
xz : 434017
lbm : 645812
povray : 782140
blender : 22291
fotonik : 764722
nab : 763386
namd : 969651
xalancbmk : 951571
omnetpp : 802190
imagick : 527376
nab : 763274
povray : 782172
perlbench : 378368
imagick : 527401
xz : 509826
xz : 510211
namd : 969541
leela : 916053
nab : 763326
nab : 763500
mcf : 777770
x264 : 490711
perlbench : 378358
nab : 763301
mcf : 777716
perlbench : 378387
fotonik : 764683
xalancbmk : 951678
xz : 434012
xalancbmk : 951784
namd : 969591
xalancbmk : 951773
gcc : 1165993
omnetpp : 802412
lbm : 745525
povray : 781898
mcf : 777886
povray : 782113
imagick : 527380
blender : 22289
namd : 969634
omnetpp : 802236
x264 : 490708
mcf : 777987
namd : 969498
povray : 782172
perlbench : 378349
imagick : 527389
nab : 763494
mcf : 777877
gcc : 980353
x264 : 588229
leela : 916139
omnetpp : 802389
perlbench : 378278
povray : 782038
mcf : 777883
lbm : 645913
povray : 782168
leela : 916181
fotonik : 764547
mcf : 777894
blender : 22292
leela : 915974
blender : 22288
x264 : 490550
x264 : 490579
x264 : 490621
xz : 434141
xz : 434166
omnetpp : 802295
cactu : 484725
mcf : 777826
blender : 22291
x264 : 580374
omnetpp : 802425
namd : 969440
lbm : 645898
imagick : 527284
blender : 22296
nab : 763341
fotonik : 764523
lbm : 645899
povray : 782165
xalancbmk : 951636
xz : 434147
perlbench : 378330
x264 : 490609
perlbench : 378411
namd : 1163083
x264 : 490542
gcc : 980507
xz : 434089
lbm : 645828
gcc : 980596
omnetpp : 802361
cactu : 484796
mcf : 777864
leela : 916065
blender : 22291
perlbench : 378339
xz : 515079
leela : 916244
leela : 1085389
leela : 915905
namd : 969452
nab : 763270
omnetpp : 802273
leela : 916238
imagick : 527320
nab : 763343
omnetpp : 802374
perlbench : 378388
fotonik : 764553
xz : 434088
xz : 434104
leela : 916013
mcf : 777902
lbm : 645845
omnetpp : 802353
lbm : 645890
mcf : 777946
blender : 22291
imagick : 527333
leela : 916197
imagick : 628838
povray : 782071
lbm : 645811
povray : 782167
leela : 916117
gcc : 980588
xz : 506643
perlbench : 378301
cactu : 484787
xz : 434088
xz : 434013
blender : 22293
blender : 22288
omnetpp : 802257
gcc : 980514
gcc : 980512
blender : 22289
fotonik : 764609
nab : 763510
xz : 434132
xz : 434143
omnetpp : 802130
imagick : 527326
omnetpp : 802131
namd : 969470
namd : 969509
mcf : 902608
xalancbmk : 951735
mcf : 778005
gcc : 980382
namd : 969791
xalancbmk : 951768
cactu : 581600
x264 : 490613
cactu : 484886
cactu : 484764
leela : 1079958
imagick : 527463
gcc : 980408
omnetpp : 940619
mcf : 920260
blender : 22289
leela : 916127
imagick : 626672
xalancbmk : 1137357
lbm : 645940
mcf : 777711
leela : 915920
xz : 434053
gcc : 980473
x264 : 490580
nab : 763326
cactu : 484740
nab : 882143
nab : 763507
gcc : 980530
mcf : 777745
omnetpp : 802185
lbm : 646061
xalancbmk : 951724
blender : 22289
nab : 763337
povray : 782075
perlbench : 441428
gcc : 980519
xalancbmk : 951507
fotonik : 764720
nab : 909866
blender : 26413
x264 : 490546
povray : 781963
omnetpp : 802106
leela : 1076180
xz : 434006
fotonik : 764528
cactu : 484818
leela : 915957
blender : 22295
x264 : 490603
fotonik : 764560
blender : 22297
perlbench : 378302
xalancbmk : 1131833
x264 : 490559
namd : 969489
x264 : 490675
namd : 969592
omnetpp : 802337
perlbench : 378321
gcc : 980382
povray : 781960
xz : 512100
x264 : 490659
cactu : 484756
cactu : 484761
nab : 763540
xalancbmk : 951543
cactu : 484797
omnetpp : 923864
leela : 915990
nab : 763458
blender : 26238
gcc : 980604
xz : 434079
gcc : 980267
leela : 916036
leela : 915959
gcc : 980465
leela : 916160
omnetpp : 939564
imagick : 527323
namd : 969614
imagick : 527463
lbm : 645853
blender : 22288
lbm : 645827
namd : 969787
imagick : 630026
blender : 22288
x264 : 582200
fotonik : 764488
imagick : 527399
povray : 782192
povray : 782184
fotonik : 764629
omnetpp : 961685
fotonik : 764637
nab : 763392
povray : 782103
povray : 919308
cactu : 484787
gcc : 980232
namd : 969496
povray : 782004
mcf : 777779
mcf : 777985
povray : 782171
nab : 763500
povray : 781929
cactu : 566031
omnetpp : 802126
povray : 781934
mcf : 777990
fotonik : 764660
lbm : 646038
omnetpp : 802393
gcc : 980594
xalancbmk : 951832
xz : 434158
imagick : 527374
mcf : 895625
mcf : 927034
imagick : 527375
perlbench : 378324
namd : 1121696
nab : 763255
namd : 969706
namd : 969759
povray : 782097
gcc : 1170981
omnetpp : 802214
cactu : 484761
nab : 903645
leela : 916086
namd : 969808
xz : 500676
nab : 763483
gcc : 980269
omnetpp : 932373
nab : 763242
omnetpp : 960769
nab : 763545
namd : 969575
xz : 434112
lbm : 645903
lbm : 645830
cactu : 484861
povray : 782029
perlbench : 438379
fotonik : 764543
mcf : 777750
blender : 22296
povray : 782085
perlbench : 378289
leela : 916009
namd : 969654
cactu : 484866
nab : 763434
mcf : 777865
perlbench : 378269
xalancbmk : 951797
leela : 916006
xz : 434088
omnetpp : 802154
mcf : 777817
namd : 969583
blender : 22292
gcc : 980603
mcf : 777853
fotonik : 764586
povray : 781942
namd : 969780
nab : 763450
x264 : 490550
omnetpp : 802161
xalancbmk : 951801
xalancbmk : 1135210
povray : 782175
povray : 905263
gcc : 980575
lbm : 765676
omnetpp : 925789
mcf : 777915
imagick : 629015
cactu : 484771
x264 : 490617
xalancbmk : 951793
povray : 905060
omnetpp : 802426
x264 : 490617
