lbm : 114714
xalancbmk : 57513
blender : 108797
fotonik : 75615
xz : 109173
lbm : 116561
leela : 128059
imagick : 132788
cactu : 33712
cactu : 33082
fotonik : 77344
blender : 108103
leela : 127620
nab : 78747
perlbench : 62447
povray : 81023
fotonik : 78234
omnetpp : 107437
blender : 107437
xz : 104212
blender : 107967
blender : 109472
nab : 80062
xz : 110126
namd : 125839
nab : 79698
povray : 78793
leela : 129729
omnetpp : 108877
mcf : 14694
cactu : 32771
perlbench : 60865
gcc : 54393
nab : 78652
perlbench : 60608
nab : 76268
imagick : 136968
fotonik : 79369
mcf : 15324
perlbench : 64045
xz : 110408
x264 : 41517
xz : 106187
xz : 110117
cactu : 34544
imagick : 134971
lbm : 110501
namd : 126817
x264 : 42967
mcf : 14660
imagick : 140573
nab : 79343
povray : 80891
nab : 79644
fotonik : 77686
xalancbmk : 59143
gcc : 54212
x264 : 42224
omnetpp : 72603
xz : 106900
perlbench : 63828
cactu : 33838
fotonik : 77361
omnetpp : 102725
imagick : 132638
leela : 129059
mcf : 15003
povray : 77565
cactu : 33263
imagick : 139905
fotonik : 76087
imagick : 133181
povray : 79437
imagick : 135601
leela : 129557
x264 : 42846
xalancbmk : 59210
x264 : 42825
xalancbmk : 60593
perlbench : 64253
imagick : 139499
leela : 126982
gcc : 54638
mcf : 15101
perlbench : 62567
cactu : 32628
povray : 78381
leela : 131985
gcc : 54447
xalancbmk : 58566
leela : 132449
blender : 110099
namd : 127411
nab : 79168
lbm : 113314
xz : 103925
perlbench : 64262
cactu : 32740
gcc : 54634
gcc : 56034
fotonik : 77064
nab : 75964
fotonik : 78653
gcc : 54083
leela : 125635
imagick : 139792
leela : 129526
fotonik : 79395
x264 : 41258
xalancbmk : 59170
cactu : 33676
cactu : 33416
gcc : 56704
xz : 109509
xz : 106028
gcc : 53824
fotonik : 76193
lbm : 109847
namd : 129198
xz : 106208
x264 : 42748
cactu : 34348
povray : 80117
namd : 132393
perlbench : 62716
leela : 129426
omnetpp : 107160
lbm : 112732
x264 : 42177
lbm : 116339
omnetpp : 106473
povray : 80014
blender : 112360
perlbench : 61487
omnetpp : 105137
xz : 110093
blender : 110487
omnetpp : 104791
lbm : 115087
mcf : 14654
x264 : 42819
nab : 76415
omnetpp : 104095
cactu : 33490
namd : 128575
imagick : 136765
imagick : 133807
leela : 124834
x264 : 41403
leela : 130463
xalancbmk : 59402
perlbench : 61689
namd : 128024
fotonik : 78723
nab : 79391
mcf : 15218
leela : 127661
povray : 80881
nab : 80370
omnetpp : 102867
fotonik : 76493
mcf : 15008
xz : 106614
lbm : 110585
leela : 125741
xalancbmk : 59122
perlbench : 63731
xz : 107589
mcf : 15188
xz : 109571
namd : 131482
imagick : 134528
x264 : 42481
cactu : 32731
imagick : 139667
x264 : 40489
omnetpp : 105098
xalancbmk : 58613
mcf : 14537
fotonik : 77759
imagick : 132063
imagick : 139684
x264 : 42783
blender : 110303
cactu : 34677
perlbench : 61146
xalancbmk : 57394
blender : 114490
povray : 82085
omnetpp : 107317
povray : 80147
perlbench : 63181
namd : 128107
povray : 78959
lbm : 112563
namd : 127956
namd : 129013
omnetpp : 108001
povray : 82010
blender : 114716
xz : 108310
leela : 132579
perlbench : 62600
blender : 108443
cactu : 32596
mcf : 14854
xz : 110618
xz : 108442
gcc : 55840
xz : 103760
nab : 79212
nab : 79849
mcf : 15239
povray : 78396
omnetpp : 107405
cactu : 33321
nab : 80514
cactu : 34007
nab : 79126
cactu : 33746
imagick : 140176
omnetpp : 106202
mcf : 14957
blender : 108031
lbm : 115267
lbm : 112646
nab : 76764
omnetpp : 104467
leela : 125138
perlbench : 62928
imagick : 136410
blender : 111816
lbm : 116883
blender : 110312
imagick : 135414
imagick : 133917
x264 : 42899
gcc : 56536
cactu : 33942
omnetpp : 106845
imagick : 133440
x264 : 41135
xalancbmk : 58517
fotonik : 77338
cactu : 33578
imagick : 133071
namd : 131062
nab : 77607
nab : 79041
cactu : 23255
x264 : 41319
leela : 127445
blender : 110572
mcf : 14312
blender : 111585
xalancbmk : 60913
leela : 133544
xalancbmk : 59247
namd : 131106
cactu : 34410
x264 : 40904
perlbench : 61914
xz : 103654
omnetpp : 106167
perlbench : 63782
lbm : 113467
mcf : 14667
leela : 124977
lbm : 110705
namd : 128411
xalancbmk : 57692
omnetpp : 102245
xz : 104599
gcc : 54119
namd : 125216
xalancbmk : 59276
xalancbmk : 57277
namd : 129022
nab : 78709
cactu : 33536
povray : 80411
namd : 129321
leela : 124980
lbm : 113138
leela : 125416
x264 : 40422
cactu : 33632
xz : 104897
xz : 110146
namd : 126736
nab : 75528
x264 : 42730
fotonik : 78323
omnetpp : 104283
leela : 127793
perlbench : 63591
cactu : 32742
nab : 79083
perlbench : 61509
fotonik : 80939
gcc : 54367
leela : 131057
lbm : 115273
povray : 81213
nab : 78071
gcc : 56228
fotonik : 76380
mcf : 15026
namd : 125252
nab : 77977
xz : 109437
imagick : 140187
lbm : 111931
lbm : 113736
xz : 103721
mcf : 14603
leela : 125573
namd : 123962
omnetpp : 102698
perlbench : 63058
blender : 107792
perlbench : 60555
nab : 80186
cactu : 32995
omnetpp : 103309
cactu : 34594
gcc : 57319
xz : 106439
imagick : 135421
omnetpp : 104423
omnetpp : 106341
mcf : 14791
lbm : 111637
xz : 109795
cactu : 34001
gcc : 54642
fotonik : 76641
omnetpp : 108117
nab : 75731
fotonik : 80209
namd : 125796
lbm : 110006
perlbench : 60960
omnetpp : 104318
omnetpp : 104505
blender : 114207
nab : 78123
namd : 131897
xz : 106776
gcc : 55069
mcf : 14713
namd : 132212
namd : 125293
imagick : 139898
xalancbmk : 58535
fotonik : 78713
perlbench : 60395
cactu : 32850
fotonik : 76430
xz : 106502
fotonik : 78144
xz : 106748
blender : 112237
gcc : 54756
fotonik : 77940
omnetpp : 103967
imagick : 138447
gcc : 57062
lbm : 113373
omnetpp : 107912
perlbench : 63258
blender : 107965
lbm : 110217
lbm : 116044
nab : 76929
leela : 125533
imagick : 135548
povray : 78511
nab : 78910
imagick : 133075
imagick : 133779
gcc : 54897
lbm : 113645
omnetpp : 108635
blender : 114652
gcc : 55400
leela : 127612
lbm : 114686
leela : 125574
blender : 107407
omnetpp : 103543
imagick : 134614
nab : 77019
fotonik : 77779
imagick : 135714
mcf : 14853
cactu : 33542
blender : 113742
perlbench : 61090
mcf : 14873
x264 : 41700
xalancbmk : 58847
lbm : 113896
lbm : 110268
fotonik : 78747
fotonik : 75752
lbm : 115787
blender : 110424
imagick : 138482
x264 : 40785
gcc : 54365
namd : 130962
nab : 75387
mcf : 15027
lbm : 113957
lbm : 115171
namd : 124134
perlbench : 63379
xalancbmk : 59435
povray : 79669
perlbench : 61178
lbm : 117169
cactu : 34694
x264 : 40437
omnetpp : 107246
cactu : 32938
xz : 109456
perlbench : 61591
blender : 113724
fotonik : 80514
blender : 110350
lbm : 115282
lbm : 117212
xalancbmk : 60294
leela : 131740
gcc : 54172
fotonik : 80875
namd : 127145
omnetpp : 106949
omnetpp : 103300
leela : 125120
perlbench : 63676
fotonik : 79671
fotonik : 78953
mcf : 15245
imagick : 137654
xalancbmk : 60097
blender : 113348
nab : 76137
perlbench : 60275
x264 : 40611
blender : 112949
imagick : 139694
x264 : 41250
nab : 80653
mcf : 14764
blender : 107747
blender : 112826
xalancbmk : 59355
povray : 79819
leela : 130717
lbm : 113847
xalancbmk : 58387
mcf : 14421
mcf : 14330
imagick : 140614
cactu : 34719
povray : 77786
lbm : 113237
leela : 129623
omnetpp : 103999
mcf : 14534
lbm : 113889
omnetpp : 105822
cactu : 33966
xz : 105082
blender : 111796
xz : 103978
namd : 123977
omnetpp : 106258
gcc : 54528
cactu : 32975
blender : 114101
gcc : 55729
nab : 77938
lbm : 110075
namd : 126564
imagick : 135263
nab : 75595
xz : 109177
xz : 109471
imagick : 140150
xalancbmk : 60778
imagick : 139392
povray : 79846
leela : 130495
xalancbmk : 59004
gcc : 56271
cactu : 34366
