omnetpp : 922587
lbm : 647068
namd : 958881
cactu : 508838
x264 : 532816
lbm : 760668
namd : 1112880
xalancbmk : 937114
blender : 51913
xz : 492778
gcc : 1191103
leela : 855108
x264 : 534434
povray : 913657
mcf : 785496
x264 : 546280
perlbench : 395053
lbm : 647051
imagick : 490550
mcf : 936972
nab : 856970
fotonik : 744250
perlbench : 395025
nab : 742863
imagick : 490474
mcf : 785286
x264 : 539325
namd : 958905
xz : 416404
leela : 854911
perlbench : 394984
xalancbmk : 937164
x264 : 462400
xalancbmk : 1078363
namd : 958766
leela : 1011857
lbm : 647286
blender : 44319
gcc : 1196643
leela : 855002
perlbench : 466140
cactu : 592168
leela : 1014223
xz : 416524
nab : 859304
povray : 765405
gcc : 998765
fotonik : 744194
mcf : 785405
imagick : 580041
xz : 416417
omnetpp : 783300
xalancbmk : 937134
leela : 855048
gcc : 998668
imagick : 569451
xz : 494071
blender : 44314
fotonik : 862998
mcf : 785451
xalancbmk : 1101551
leela : 992323
blender : 44325
leela : 854916
xalancbmk : 936888
blender : 44315
imagick : 490540
cactu : 508819
mcf : 785469
gcc : 1179874
cactu : 508648
blender : 44323
cactu : 508680
namd : 958952
leela : 1021494
perlbench : 395092
nab : 742731
xalancbmk : 937007
xalancbmk : 936960
fotonik : 744358
fotonik : 744213
cactu : 508671
omnetpp : 926006
blender : 44324
fotonik : 744150
gcc : 1188789
namd : 958936
x264 : 462431
leela : 855082
imagick : 490513
blender : 51712
perlbench : 395092
imagick : 490493
xalancbmk : 936826
nab : 871431
fotonik : 882842
nab : 881706
povray : 765433
x264 : 462413
x264 : 462395
xz : 485798
perlbench : 462038
imagick : 490521
lbm : 748831
perlbench : 459194
x264 : 535872
cactu : 589018
imagick : 490615
lbm : 759006
gcc : 998552
povray : 765564
omnetpp : 783337
xz : 492373
namd : 1128081
omnetpp : 783310
nab : 742821
povray : 915853
fotonik : 744295
xalancbmk : 1092105
imagick : 575893
xz : 416519
imagick : 490479
leela : 997862
nab : 742989
xalancbmk : 937138
xz : 416427
x264 : 535438
lbm : 775351
xalancbmk : 937018
cactu : 508845
xalancbmk : 937129
xz : 416539
mcf : 939974
namd : 1107923
leela : 854906
xalancbmk : 937159
perlbench : 395035
fotonik : 744129
lbm : 647190
omnetpp : 906473
leela : 1012145
gcc : 998654
namd : 1134692
blender : 44317
blender : 44321
povray : 765576
imagick : 586378
cactu : 508774
perlbench : 466889
namd : 958964
xalancbmk : 936854
perlbench : 395103
cactu : 597918
perlbench : 469097
leela : 855098
perlbench : 395049
lbm : 758761
xalancbmk : 936979
povray : 765562
mcf : 785225
gcc : 998543
imagick : 565571
leela : 855117
fotonik : 883098
perlbench : 395075
omnetpp : 929536
fotonik : 858528
imagick : 490599
lbm : 773883
mcf : 785480
xalancbmk : 1118951
mcf : 909362
omnetpp : 783326
imagick : 490628
lbm : 647259
perlbench : 459774
xalancbmk : 936978
lbm : 647297
cactu : 588703
xalancbmk : 1080215
fotonik : 744129
povray : 883742
perlbench : 395113
mcf : 916465
xalancbmk : 1098832
leela : 855019
omnetpp : 783349
cactu : 605230
gcc : 998613
cactu : 508782
gcc : 998479
leela : 854853
perlbench : 394980
cactu : 508646
namd : 958618
gcc : 998396
leela : 1003357
leela : 854978
imagick : 490608
lbm : 758908
gcc : 1182725
mcf : 785392
omnetpp : 920185
fotonik : 744316
fotonik : 876899
blender : 44315
leela : 854950
imagick : 490663
fotonik : 878407
namd : 1145460
leela : 1016610
x264 : 462375
imagick : 490664
lbm : 745243
leela : 854849
imagick : 490597
perlbench : 457002
xalancbmk : 936877
xalancbmk : 937067
cactu : 600966
cactu : 508741
blender : 44313
perlbench : 465093
omnetpp : 783292
povray : 765278
blender : 44324
xalancbmk : 937101
povray : 765314
blender : 52988
lbm : 647302
mcf : 785431
mcf : 785205
nab : 742756
leela : 1003282
xalancbmk : 936980
mcf : 785383
namd : 958766
gcc : 998438
gcc : 998669
povray : 765555
xz : 416545
namd : 1114842
x264 : 462421
cactu : 508727
x264 : 544388
leela : 854888
leela : 854933
xz : 416440
xz : 416506
imagick : 588123
blender : 51799
lbm : 647059
povray : 765357
omnetpp : 783106
gcc : 1196885
fotonik : 890815
x264 : 462362
mcf : 918346
blender : 51229
lbm : 752885
imagick : 490490
gcc : 998476
imagick : 490564
gcc : 998613
omnetpp : 783275
leela : 1014110
omnetpp : 783358
xz : 416395
imagick : 490539
cactu : 508770
mcf : 785240
leela : 855098
fotonik : 884179
imagick : 570693
imagick : 586480
lbm : 766506
lbm : 647125
leela : 995101
povray : 765370
nab : 742758
leela : 1008477
xalancbmk : 936871
mcf : 920336
povray : 765363
nab : 742890
lbm : 766042
namd : 958720
fotonik : 744376
namd : 958620
blender : 51431
povray : 765390
leela : 854868
x264 : 462531
mcf : 785326
povray : 913992
blender : 52595
namd : 1135124
x264 : 462393
povray : 765289
namd : 958962
imagick : 490529
x264 : 462416
namd : 958807
lbm : 647209
lbm : 647167
blender : 52561
nab : 742891
imagick : 574471
fotonik : 744144
blender : 52298
xalancbmk : 1105890
leela : 854850
namd : 958948
imagick : 569064
namd : 1122212
povray : 897979
blender : 53179
perlbench : 394994
xz : 416404
xz : 416388
blender : 52487
blender : 44329
cactu : 508705
omnetpp : 783314
x264 : 533039
x264 : 551064
cactu : 589948
fotonik : 744242
povray : 765484
perlbench : 395032
x264 : 550806
lbm : 647084
nab : 742741
xz : 416517
lbm : 647270
mcf : 785303
fotonik : 744203
blender : 44322
mcf : 915927
lbm : 769055
povray : 765333
lbm : 647084
xalancbmk : 937055
leela : 855121
mcf : 785471
povray : 765521
cactu : 508766
xalancbmk : 1085705
namd : 1128847
xz : 416536
gcc : 998424
mcf : 923143
xz : 416521
cactu : 508790
blender : 51528
povray : 765332
imagick : 566315
leela : 854818
perlbench : 395123
lbm : 647222
perlbench : 395084
namd : 1103694
fotonik : 744282
blender : 44324
namd : 1116811
xalancbmk : 937085
lbm : 647064
cactu : 508789
lbm : 759747
perlbench : 395082
perlbench : 462488
omnetpp : 783233
fotonik : 874259
perlbench : 459926
imagick : 490637
povray : 883252
omnetpp : 783113
gcc : 998555
fotonik : 744118
blender : 44313
leela : 1013130
gcc : 998491
fotonik : 882500
fotonik : 879868
lbm : 751054
perlbench : 395064
nab : 742733
xz : 492564
gcc : 998535
fotonik : 882347
cactu : 508733
perlbench : 458797
cactu : 508785
gcc : 998731
gcc : 1187014
blender : 44322
namd : 1105200
gcc : 1190260
xalancbmk : 936814
leela : 1013332
cactu : 609679
nab : 878741
gcc : 998702
gcc : 1159898
xz : 416456
mcf : 785438
mcf : 924298
lbm : 647254
povray : 910820
blender : 44313
imagick : 564974
gcc : 998685
x264 : 462470
lbm : 748940
povray : 765454
perlbench : 395086
x264 : 462414
gcc : 998718
perlbench : 465390
blender : 44314
omnetpp : 935352
povray : 765529
namd : 958970
gcc : 998589
fotonik : 744261
fotonik : 744371
fotonik : 878080
perlbench : 459037
povray : 765344
mcf : 785254
blender : 51696
gcc : 1192651
imagick : 490662
cactu : 606044
blender : 44318
fotonik : 744308
imagick : 490525
xz : 483312
lbm : 750013
leela : 1020473
imagick : 584386
povray : 881716
fotonik : 857922
leela : 855065
lbm : 746679
imagick : 580956
mcf : 912008
lbm : 647247
blender : 44321
mcf : 785378
fotonik : 744177
imagick : 490584
omnetpp : 783369
gcc : 998472
xz : 481254
imagick : 490619
imagick : 490590
nab : 742726
povray : 902292
x264 : 537447
fotonik : 862624
nab : 855527
cactu : 508844
imagick : 573449
perlbench : 469636
nab : 889972
cactu : 508833
fotonik : 744117
nab : 882652
leela : 997828
nab : 858498
povray : 765475
leela : 854997
perlbench : 395046
mcf : 785218
omnetpp : 908653
lbm : 647239
povray : 765377
nab : 742793
x264 : 462431
povray : 912757
blender : 44319
nab : 881462
blender : 44326
xalancbmk : 936887
lbm : 647166
omnetpp : 783153
namd : 958836
perlbench : 395062
xalancbmk : 1098716
x264 : 548877
leela : 855122
cactu : 508709
nab : 865668
fotonik : 744389
xz : 416441
nab : 742864
x264 : 462404
povray : 765437
